<?xml version="1.0" encoding="UTF-8"?>
<testng-results skipped="0" failed="0" ignored="0" total="1" passed="1">
  <reporter-output>
  </reporter-output>
  <suite name="Default suite" duration-ms="48247" started-at="2018-01-11T20:10:51Z" finished-at="2018-01-11T20:11:39Z">
    <groups>
    </groups>
    <test name="Default test" duration-ms="48247" started-at="2018-01-11T20:10:51Z" finished-at="2018-01-11T20:11:39Z">
      <class name="Test1.NG1">
        <test-method status="PASS" signature="f()[pri:0, instance:Test1.NG1@224edc67]" name="f" duration-ms="48079" started-at="2018-01-11T15:10:51Z" finished-at="2018-01-11T15:11:39Z">
          <reporter-output>
          </reporter-output>
        </test-method> <!-- f -->
      </class> <!-- Test1.NG1 -->
    </test> <!-- Default test -->
  </suite> <!-- Default suite -->
</testng-results>
